<?xml version="1.0" encoding="UTF-8"?>
<testsuites name="7. No Chaining" time="61.859" tests="3" failures="0" errors="0">
   <testsuite name="7. No Chaining" tests="3" failures="0" errors="0" time="61.859" skipped="0" timestamp="2022-08-12 15:17:14" hostname="OS1581 - 9060003820-N.corp.tafinance.com" id="Test Suites/7. No Chaining">
      <properties>
         <property name="deviceName" value=""/>
         <property name="devicePlatform" value=""/>
         <property name="logFolder" value="D:\\DS\\SB\\SB\\Reports\\20220812_151708\\7. No Chaining\\20220812_151708"/>
         <property name="logFiles" value="D:\\DS\\SB\\SB\\Reports\\20220812_151708\\7. No Chaining\\20220812_151708\\execution0.log"/>
         <property name="attachments" value=""/>
         <property name="hostName" value="OS1581 - 9060003820-N.corp.tafinance.com"/>
         <property name="os" value="Windows 10 64bit"/>
         <property name="katalonVersion" value="8.3.0.208"/>
         <property name="browser" value="Chrome 104.0.5112.81"/>
         <property name="hostAddress" value="192.168.185.184"/>
         <property name="sessionId" value="cd3e5de6ebc16d44b0911d8dbf8d0715"/>
         <property name="seleniumVersion" value="3.141.59"/>
         <property name="proxyInformation" value="ProxyInformation { proxyOption=USE_SYSTEM, proxyServerType=HTTP, username=, password=********, proxyServerAddress=, proxyServerPort=0, executionList=&quot;&quot;, isApplyToDesiredCapabilities=true }"/>
         <property name="platform" value="Windows 10"/>
      </properties>
      <testcase name="Test Cases/7. No Chaining/1. Verif_Link - click Sign Up button" time="32.529" classname="Test Cases/7. No Chaining/1. Verif_Link - click Sign Up button" status="PASSED">
         <system-out><![CDATA[2022-08-12 15:17:14 - [TEST_CASE][PASSED] - Test Cases/7. No Chaining/1. Verif_Link - click Sign Up button: Test Cases/7. No Chaining/1. Verif_Link - click Sign Up button

2022-08-12 15:17:16 - [TEST_STEP][PASSED] - openBrowser(""): Browser is opened with url: ''

2022-08-12 15:17:17 - [MESSAGE][INFO] - Starting 'Chrome' driver

2022-08-12 15:17:17 - [MESSAGE][INFO] - Action delay is set to 0 milliseconds

2022-08-12 15:17:26 - [MESSAGE][PASSED] - Browser is opened with url: ''

2022-08-12 15:17:26 - [TEST_STEP][PASSED] - maximizeWindow(): Current window maximized

2022-08-12 15:17:26 - [MESSAGE][PASSED] - Current window maximized

2022-08-12 15:17:26 - [TEST_STEP][PASSED] - navigateToUrl("https://stockbit.com/"): Navigate to 'https://stockbit.com/' successfully

2022-08-12 15:17:33 - [MESSAGE][PASSED] - Navigate to 'https://stockbit.com/' successfully

2022-08-12 15:17:33 - [TEST_STEP][PASSED] - click(findTestObject("Object Repository/Single verify action/Page_Stockbit - Investasi Saham Bersama Kom_14e38f/a_Sign Up")): Object: 'Object Repository/Single verify action/Page_Stockbit - Investasi Saham Bersama Kom_14e38f/a_Sign Up' is clicked on

2022-08-12 15:17:39 - [MESSAGE][PASSED] - Object: 'Object Repository/Single verify action/Page_Stockbit - Investasi Saham Bersama Kom_14e38f/a_Sign Up' is clicked on

2022-08-12 15:17:39 - [TEST_STEP][PASSED] - delay(3): Delayed 3 second(s)

2022-08-12 15:17:42 - [MESSAGE][PASSED] - Delayed 3 second(s)

2022-08-12 15:17:42 - [TEST_STEP][PASSED] - Link = "https://stockbit.com/register": null

2022-08-12 15:17:42 - [TEST_STEP][PASSED] - CurrentUrL = getUrl(): Current window's url is: 'https://stockbit.com/register'

2022-08-12 15:17:42 - [MESSAGE][PASSED] - Current window's url is: 'https://stockbit.com/register'

2022-08-12 15:17:42 - [TEST_STEP][PASSED] - verifyMatch(CurrentUrL, Link, false): Actual text 'https://stockbit.com/register' and expected text 'https://stockbit.com/register' are matched 

2022-08-12 15:17:42 - [MESSAGE][PASSED] - Actual text 'https://stockbit.com/register' and expected text 'https://stockbit.com/register' are matched 

2022-08-12 15:17:42 - [TEST_STEP][PASSED] - back(): Navigate back successfully

2022-08-12 15:17:45 - [MESSAGE][PASSED] - Navigate back successfully

2022-08-12 15:17:47 - [TEST_STEP][PASSED] - Video: Video recording for test case 'Test Cases/7. No Chaining/1. Verif_Link - click Sign Up button' .

2022-08-12 15:17:47 - [MESSAGE][INFO] - Video recording for test case 'Test Cases/7. No Chaining/1. Verif_Link - click Sign Up button' .]]></system-out>
         <system-err><![CDATA[]]></system-err>
      </testcase>
      <testcase name="Test Cases/7. No Chaining/2. Verif_Link - click Log In button" time="19.595" classname="Test Cases/7. No Chaining/2. Verif_Link - click Log In button" status="PASSED">
         <system-out><![CDATA[2022-08-12 15:17:47 - [TEST_CASE][PASSED] - Test Cases/7. No Chaining/2. Verif_Link - click Log In button: Test Cases/7. No Chaining/2. Verif_Link - click Log In button

2022-08-12 15:17:48 - [TEST_STEP][PASSED] - click(findTestObject("Object Repository/Single verify action/Page_Stockbit - Investasi Saham Bersama Kom_14e38f/a_Log In")): Object: 'Object Repository/Single verify action/Page_Stockbit - Investasi Saham Bersama Kom_14e38f/a_Log In' is clicked on

2022-08-12 15:17:54 - [MESSAGE][PASSED] - Object: 'Object Repository/Single verify action/Page_Stockbit - Investasi Saham Bersama Kom_14e38f/a_Log In' is clicked on

2022-08-12 15:17:54 - [TEST_STEP][PASSED] - delay(3): Delayed 3 second(s)

2022-08-12 15:17:57 - [MESSAGE][PASSED] - Delayed 3 second(s)

2022-08-12 15:17:57 - [TEST_STEP][PASSED] - Link = "https://stockbit.com/login": null

2022-08-12 15:17:57 - [TEST_STEP][PASSED] - CurrentUrL = getUrl(): Current window's url is: 'https://stockbit.com/login'

2022-08-12 15:17:57 - [MESSAGE][PASSED] - Current window's url is: 'https://stockbit.com/login'

2022-08-12 15:17:57 - [TEST_STEP][PASSED] - verifyMatch(CurrentUrL, Link, false): Actual text 'https://stockbit.com/login' and expected text 'https://stockbit.com/login' are matched 

2022-08-12 15:17:57 - [MESSAGE][PASSED] - Actual text 'https://stockbit.com/login' and expected text 'https://stockbit.com/login' are matched 

2022-08-12 15:17:57 - [TEST_STEP][PASSED] - back(): Navigate back successfully

2022-08-12 15:18:04 - [MESSAGE][PASSED] - Navigate back successfully

2022-08-12 15:18:06 - [TEST_STEP][PASSED] - Video: Video recording for test case 'Test Cases/7. No Chaining/2. Verif_Link - click Log In button' .

2022-08-12 15:18:06 - [MESSAGE][INFO] - Video recording for test case 'Test Cases/7. No Chaining/2. Verif_Link - click Log In button' .]]></system-out>
         <system-err><![CDATA[]]></system-err>
      </testcase>
      <testcase name="Test Cases/7. No Chaining/3. Verif_Link - click Mulai Berinvestasi button" time="9.064" classname="Test Cases/7. No Chaining/3. Verif_Link - click Mulai Berinvestasi button" status="PASSED">
         <system-out><![CDATA[2022-08-12 15:18:06 - [TEST_CASE][PASSED] - Test Cases/7. No Chaining/3. Verif_Link - click Mulai Berinvestasi button: Test Cases/7. No Chaining/3. Verif_Link - click Mulai Berinvestasi button

2022-08-12 15:18:07 - [TEST_STEP][PASSED] - click(findTestObject("Object Repository/Single verify action/Page_Stockbit - Investasi Saham Bersama Kom_14e38f/a_Mulai Berinvestasi")): Object: 'Object Repository/Single verify action/Page_Stockbit - Investasi Saham Bersama Kom_14e38f/a_Mulai Berinvestasi' is clicked on

2022-08-12 15:18:08 - [MESSAGE][PASSED] - Object: 'Object Repository/Single verify action/Page_Stockbit - Investasi Saham Bersama Kom_14e38f/a_Mulai Berinvestasi' is clicked on

2022-08-12 15:18:08 - [TEST_STEP][PASSED] - switchToWindowIndex(1): Switched to window with index: '1'

2022-08-12 15:18:09 - [MESSAGE][PASSED] - Switched to window with index: '1'

2022-08-12 15:18:09 - [TEST_STEP][PASSED] - delay(3): Delayed 3 second(s)

2022-08-12 15:18:12 - [MESSAGE][PASSED] - Delayed 3 second(s)

2022-08-12 15:18:12 - [TEST_STEP][PASSED] - Link = "https://stockbit.com/register": null

2022-08-12 15:18:12 - [TEST_STEP][PASSED] - CurrentUrL = getUrl(): Current window's url is: 'https://stockbit.com/register'

2022-08-12 15:18:13 - [MESSAGE][PASSED] - Current window's url is: 'https://stockbit.com/register'

2022-08-12 15:18:13 - [TEST_STEP][PASSED] - verifyMatch(CurrentUrL, Link, false): Actual text 'https://stockbit.com/register' and expected text 'https://stockbit.com/register' are matched 

2022-08-12 15:18:13 - [MESSAGE][PASSED] - Actual text 'https://stockbit.com/register' and expected text 'https://stockbit.com/register' are matched 

2022-08-12 15:18:13 - [TEST_STEP][PASSED] - closeWindowIndex(1): Window with index 1 is closed

2022-08-12 15:18:13 - [MESSAGE][PASSED] - Window with index 1 is closed

2022-08-12 15:18:15 - [TEST_STEP][PASSED] - Video: Video recording for test case 'Test Cases/7. No Chaining/3. Verif_Link - click Mulai Berinvestasi button' .

2022-08-12 15:18:15 - [MESSAGE][INFO] - Video recording for test case 'Test Cases/7. No Chaining/3. Verif_Link - click Mulai Berinvestasi button' .]]></system-out>
         <system-err><![CDATA[]]></system-err>
      </testcase>
      <system-out><![CDATA[2022-08-12 15:17:14 - [TEST_SUITE][PASSED] - 7. No Chaining: Test Cases/7. No Chaining/3. Verif_Link - click Mulai Berinvestasi button]]></system-out>
      <system-err><![CDATA[]]></system-err>
   </testsuite>
</testsuites>
