<?xml version="1.0" encoding="UTF-8"?>
<testsuites name="4. About Us" time="36.876" tests="2" failures="0" errors="0">
   <testsuite name="4. About Us" tests="2" failures="0" errors="0" time="36.876" skipped="0" timestamp="2022-08-12 15:25:48" hostname="OS1581 - 9060003820-N.corp.tafinance.com" id="Test Suites/4. About Us">
      <properties>
         <property name="deviceName" value=""/>
         <property name="devicePlatform" value=""/>
         <property name="logFolder" value="D:\\DS\\SB\\SB\\Reports\\20220812_152542\\4. About Us\\20220812_152542"/>
         <property name="logFiles" value="D:\\DS\\SB\\SB\\Reports\\20220812_152542\\4. About Us\\20220812_152542\\execution0.log"/>
         <property name="attachments" value=""/>
         <property name="hostName" value="OS1581 - 9060003820-N.corp.tafinance.com"/>
         <property name="os" value="Windows 10 64bit"/>
         <property name="katalonVersion" value="8.3.0.208"/>
         <property name="browser" value="Chrome 104.0.5112.81"/>
         <property name="hostAddress" value="192.168.185.184"/>
         <property name="sessionId" value="8d25f79f21083b16521208f203893575"/>
         <property name="seleniumVersion" value="3.141.59"/>
         <property name="proxyInformation" value="ProxyInformation { proxyOption=USE_SYSTEM, proxyServerType=HTTP, username=, password=********, proxyServerAddress=, proxyServerPort=0, executionList=&quot;&quot;, isApplyToDesiredCapabilities=true }"/>
         <property name="platform" value="Windows 10"/>
      </properties>
      <testcase name="Test Cases/4. About Us/1. Verif_Link - click About Us button" time="30.996" classname="Test Cases/4. About Us/1. Verif_Link - click About Us button" status="PASSED">
         <system-out><![CDATA[2022-08-12 15:25:48 - [TEST_CASE][PASSED] - Test Cases/4. About Us/1. Verif_Link - click About Us button: Test Cases/4. About Us/1. Verif_Link - click About Us button

2022-08-12 15:25:50 - [TEST_STEP][PASSED] - openBrowser(""): Browser is opened with url: ''

2022-08-12 15:25:51 - [MESSAGE][INFO] - Starting 'Chrome' driver

2022-08-12 15:25:51 - [MESSAGE][INFO] - Action delay is set to 0 milliseconds

2022-08-12 15:25:58 - [MESSAGE][PASSED] - Browser is opened with url: ''

2022-08-12 15:25:58 - [TEST_STEP][PASSED] - maximizeWindow(): Current window maximized

2022-08-12 15:25:58 - [MESSAGE][PASSED] - Current window maximized

2022-08-12 15:25:58 - [TEST_STEP][PASSED] - navigateToUrl("https://stockbit.com/"): Navigate to 'https://stockbit.com/' successfully

2022-08-12 15:26:04 - [MESSAGE][PASSED] - Navigate to 'https://stockbit.com/' successfully

2022-08-12 15:26:04 - [TEST_STEP][PASSED] - click(findTestObject("Object Repository/bout/Page_Stockbit - Investasi Saham Bersama Kom_14e38f/a_About Us")): Object: 'Object Repository/bout/Page_Stockbit - Investasi Saham Bersama Kom_14e38f/a_About Us' is clicked on

2022-08-12 15:26:11 - [MESSAGE][PASSED] - Object: 'Object Repository/bout/Page_Stockbit - Investasi Saham Bersama Kom_14e38f/a_About Us' is clicked on

2022-08-12 15:26:11 - [TEST_STEP][PASSED] - delay(3): Delayed 3 second(s)

2022-08-12 15:26:14 - [MESSAGE][PASSED] - Delayed 3 second(s)

2022-08-12 15:26:14 - [TEST_STEP][PASSED] - Link = "https://stockbit.com/about": null

2022-08-12 15:26:14 - [TEST_STEP][PASSED] - CurrentUrL = getUrl(): Current window's url is: 'https://stockbit.com/about'

2022-08-12 15:26:14 - [MESSAGE][PASSED] - Current window's url is: 'https://stockbit.com/about'

2022-08-12 15:26:14 - [TEST_STEP][PASSED] - verifyMatch(CurrentUrL, Link, false): Actual text 'https://stockbit.com/about' and expected text 'https://stockbit.com/about' are matched 

2022-08-12 15:26:14 - [MESSAGE][PASSED] - Actual text 'https://stockbit.com/about' and expected text 'https://stockbit.com/about' are matched 

2022-08-12 15:26:14 - [TEST_STEP][PASSED] - delay(3): Delayed 3 second(s)

2022-08-12 15:26:17 - [MESSAGE][PASSED] - Delayed 3 second(s)

2022-08-12 15:26:19 - [TEST_STEP][PASSED] - Video: Video recording for test case 'Test Cases/4. About Us/1. Verif_Link - click About Us button' .

2022-08-12 15:26:19 - [MESSAGE][INFO] - Video recording for test case 'Test Cases/4. About Us/1. Verif_Link - click About Us button' .]]></system-out>
         <system-err><![CDATA[]]></system-err>
      </testcase>
      <testcase name="Test Cases/4. About Us/2. Verif_chat box - clicks Helpdesk Icon" time="5.293" classname="Test Cases/4. About Us/2. Verif_chat box - clicks Helpdesk Icon" status="PASSED">
         <system-out><![CDATA[2022-08-12 15:26:19 - [TEST_CASE][PASSED] - Test Cases/4. About Us/2. Verif_chat box - clicks Helpdesk Icon: Test Cases/4. About Us/2. Verif_chat box - clicks Helpdesk Icon

2022-08-12 15:26:20 - [TEST_STEP][PASSED] - click(findTestObject("Object Repository/bout/Page_About Us  Stockbit - Komunitas Saham I_93a387/icon-widget_support")): Object: 'Object Repository/bout/Page_About Us  Stockbit - Komunitas Saham I_93a387/icon-widget_support' is clicked on

2022-08-12 15:26:21 - [MESSAGE][PASSED] - Object: 'Object Repository/bout/Page_About Us  Stockbit - Komunitas Saham I_93a387/icon-widget_support' is clicked on

2022-08-12 15:26:21 - [TEST_STEP][PASSED] - delay(2): Delayed 2 second(s)

2022-08-12 15:26:23 - [MESSAGE][PASSED] - Delayed 2 second(s)

2022-08-12 15:26:25 - [TEST_STEP][PASSED] - Video: Video recording for test case 'Test Cases/4. About Us/2. Verif_chat box - clicks Helpdesk Icon' .

2022-08-12 15:26:25 - [MESSAGE][INFO] - Video recording for test case 'Test Cases/4. About Us/2. Verif_chat box - clicks Helpdesk Icon' .]]></system-out>
         <system-err><![CDATA[]]></system-err>
      </testcase>
      <system-out><![CDATA[2022-08-12 15:25:48 - [TEST_SUITE][PASSED] - 4. About Us: Test Cases/4. About Us/2. Verif_chat box - clicks Helpdesk Icon]]></system-out>
      <system-err><![CDATA[]]></system-err>
   </testsuite>
</testsuites>
