<?xml version="1.0" encoding="UTF-8"?>
<testsuites name="2. ProTools" time="48.334" tests="2" failures="0" errors="0">
   <testsuite name="2. ProTools" tests="2" failures="0" errors="0" time="48.334" skipped="0" timestamp="2022-08-12 15:21:02" hostname="OS1581 - 9060003820-N.corp.tafinance.com" id="Test Suites/2. ProTools">
      <properties>
         <property name="deviceName" value=""/>
         <property name="devicePlatform" value=""/>
         <property name="logFolder" value="D:\\DS\\SB\\SB\\Reports\\20220812_152055\\2. ProTools\\20220812_152055"/>
         <property name="logFiles" value="D:\\DS\\SB\\SB\\Reports\\20220812_152055\\2. ProTools\\20220812_152055\\execution0.log"/>
         <property name="attachments" value=""/>
         <property name="hostName" value="OS1581 - 9060003820-N.corp.tafinance.com"/>
         <property name="os" value="Windows 10 64bit"/>
         <property name="katalonVersion" value="8.3.0.208"/>
         <property name="browser" value="Chrome 104.0.5112.81"/>
         <property name="hostAddress" value="192.168.185.184"/>
         <property name="sessionId" value="a66e37d3bb6a269f1fdea90ea0944f32"/>
         <property name="seleniumVersion" value="3.141.59"/>
         <property name="proxyInformation" value="ProxyInformation { proxyOption=USE_SYSTEM, proxyServerType=HTTP, username=, password=********, proxyServerAddress=, proxyServerPort=0, executionList=&quot;&quot;, isApplyToDesiredCapabilities=true }"/>
         <property name="platform" value="Windows 10"/>
      </properties>
      <testcase name="Test Cases/2. ProTools/1. Verif_Link - click Pro Tools button" time="33.463" classname="Test Cases/2. ProTools/1. Verif_Link - click Pro Tools button" status="PASSED">
         <system-out><![CDATA[2022-08-12 15:21:02 - [TEST_CASE][PASSED] - Test Cases/2. ProTools/1. Verif_Link - click Pro Tools button: Test Cases/2. ProTools/1. Verif_Link - click Pro Tools button

2022-08-12 15:21:04 - [TEST_STEP][PASSED] - openBrowser(""): Browser is opened with url: ''

2022-08-12 15:21:06 - [MESSAGE][INFO] - Starting 'Chrome' driver

2022-08-12 15:21:06 - [MESSAGE][INFO] - Action delay is set to 0 milliseconds

2022-08-12 15:21:16 - [MESSAGE][PASSED] - Browser is opened with url: ''

2022-08-12 15:21:16 - [TEST_STEP][PASSED] - maximizeWindow(): Current window maximized

2022-08-12 15:21:16 - [MESSAGE][PASSED] - Current window maximized

2022-08-12 15:21:16 - [TEST_STEP][PASSED] - navigateToUrl("https://stockbit.com/"): Navigate to 'https://stockbit.com/' successfully

2022-08-12 15:21:23 - [MESSAGE][PASSED] - Navigate to 'https://stockbit.com/' successfully

2022-08-12 15:21:23 - [TEST_STEP][PASSED] - click(findTestObject("Object Repository/ProLink/Page_Stockbit - Investasi Saham Bersama Kom_14e38f/a_Pro Tools")): Object: 'Object Repository/ProLink/Page_Stockbit - Investasi Saham Bersama Kom_14e38f/a_Pro Tools' is clicked on

2022-08-12 15:21:28 - [MESSAGE][PASSED] - Object: 'Object Repository/ProLink/Page_Stockbit - Investasi Saham Bersama Kom_14e38f/a_Pro Tools' is clicked on

2022-08-12 15:21:28 - [TEST_STEP][PASSED] - delay(5): Delayed 5 second(s)

2022-08-12 15:21:33 - [MESSAGE][PASSED] - Delayed 5 second(s)

2022-08-12 15:21:34 - [TEST_STEP][PASSED] - Link = "https://stockbit.com/info/pro-tools": null

2022-08-12 15:21:34 - [TEST_STEP][PASSED] - CurrentUrL = getUrl(): Current window's url is: 'https://stockbit.com/info/pro-tools'

2022-08-12 15:21:34 - [MESSAGE][PASSED] - Current window's url is: 'https://stockbit.com/info/pro-tools'

2022-08-12 15:21:34 - [TEST_STEP][PASSED] - verifyMatch(CurrentUrL, Link, false): Actual text 'https://stockbit.com/info/pro-tools' and expected text 'https://stockbit.com/info/pro-tools' are matched 

2022-08-12 15:21:34 - [MESSAGE][PASSED] - Actual text 'https://stockbit.com/info/pro-tools' and expected text 'https://stockbit.com/info/pro-tools' are matched 

2022-08-12 15:21:36 - [TEST_STEP][PASSED] - Video: Video recording for test case 'Test Cases/2. ProTools/1. Verif_Link - click Pro Tools button' .

2022-08-12 15:21:36 - [MESSAGE][INFO] - Video recording for test case 'Test Cases/2. ProTools/1. Verif_Link - click Pro Tools button' .]]></system-out>
         <system-err><![CDATA[]]></system-err>
      </testcase>
      <testcase name="Test Cases/2. ProTools/2. Verif_Link - clicks BUKA REKENING ANDA" time="14.064" classname="Test Cases/2. ProTools/2. Verif_Link - clicks BUKA REKENING ANDA" status="PASSED">
         <system-out><![CDATA[2022-08-12 15:21:36 - [TEST_CASE][PASSED] - Test Cases/2. ProTools/2. Verif_Link - clicks BUKA REKENING ANDA: Test Cases/2. ProTools/2. Verif_Link - clicks BUKA REKENING ANDA

2022-08-12 15:21:37 - [TEST_STEP][PASSED] - click(findTestObject("Object Repository/ProLink/Page_Stockbit - Professional Tools Saham Ba_8b0cea/a_Buka Rekening Anda")): Object: 'Object Repository/ProLink/Page_Stockbit - Professional Tools Saham Ba_8b0cea/a_Buka Rekening Anda' is clicked on

2022-08-12 15:21:38 - [MESSAGE][PASSED] - Object: 'Object Repository/ProLink/Page_Stockbit - Professional Tools Saham Ba_8b0cea/a_Buka Rekening Anda' is clicked on

2022-08-12 15:21:38 - [TEST_STEP][PASSED] - delay(5): Delayed 5 second(s)

2022-08-12 15:21:43 - [MESSAGE][PASSED] - Delayed 5 second(s)

2022-08-12 15:21:43 - [TEST_STEP][PASSED] - Link = "https://stockbit.com/register": null

2022-08-12 15:21:43 - [TEST_STEP][PASSED] - CurrentUrL = getUrl(): Current window's url is: 'https://stockbit.com/register'

2022-08-12 15:21:43 - [MESSAGE][PASSED] - Current window's url is: 'https://stockbit.com/register'

2022-08-12 15:21:43 - [TEST_STEP][PASSED] - delay(3): Delayed 3 second(s)

2022-08-12 15:21:46 - [MESSAGE][PASSED] - Delayed 3 second(s)

2022-08-12 15:21:46 - [TEST_STEP][PASSED] - verifyMatch(CurrentUrL, Link, false): Actual text 'https://stockbit.com/register' and expected text 'https://stockbit.com/register' are matched 

2022-08-12 15:21:46 - [MESSAGE][PASSED] - Actual text 'https://stockbit.com/register' and expected text 'https://stockbit.com/register' are matched 

2022-08-12 15:21:46 - [TEST_STEP][PASSED] - delay(2): Delayed 2 second(s)

2022-08-12 15:21:48 - [MESSAGE][PASSED] - Delayed 2 second(s)

2022-08-12 15:21:50 - [TEST_STEP][PASSED] - Video: Video recording for test case 'Test Cases/2. ProTools/2. Verif_Link - clicks BUKA REKENING ANDA' .

2022-08-12 15:21:50 - [MESSAGE][INFO] - Video recording for test case 'Test Cases/2. ProTools/2. Verif_Link - clicks BUKA REKENING ANDA' .]]></system-out>
         <system-err><![CDATA[]]></system-err>
      </testcase>
      <system-out><![CDATA[2022-08-12 15:21:02 - [TEST_SUITE][PASSED] - 2. ProTools: Test Cases/2. ProTools/2. Verif_Link - clicks BUKA REKENING ANDA]]></system-out>
      <system-err><![CDATA[]]></system-err>
   </testsuite>
</testsuites>
