<?xml version="1.0" encoding="UTF-8"?>
<testsuites name="6. Help" time="29.105" tests="2" failures="0" errors="0">
   <testsuite name="6. Help" tests="2" failures="0" errors="0" time="29.105" skipped="0" timestamp="2022-08-12 14:44:56" hostname="OS1581 - 9060003820-N.corp.tafinance.com" id="Test Suites/6. Help">
      <properties>
         <property name="deviceName" value=""/>
         <property name="devicePlatform" value=""/>
         <property name="logFolder" value="D:\\DS\\SB\\SB\\Reports\\20220812_144451\\6. Help\\20220812_144451"/>
         <property name="logFiles" value="D:\\DS\\SB\\SB\\Reports\\20220812_144451\\6. Help\\20220812_144451\\execution0.log"/>
         <property name="attachments" value=""/>
         <property name="hostName" value="OS1581 - 9060003820-N.corp.tafinance.com"/>
         <property name="os" value="Windows 10 64bit"/>
         <property name="katalonVersion" value="8.3.0.208"/>
         <property name="browser" value="Chrome 104.0.5112.81"/>
         <property name="hostAddress" value="192.168.185.184"/>
         <property name="sessionId" value="de704f6e5467025ee02b5f083789fb99"/>
         <property name="seleniumVersion" value="3.141.59"/>
         <property name="proxyInformation" value="ProxyInformation { proxyOption=USE_SYSTEM, proxyServerType=HTTP, username=, password=********, proxyServerAddress=, proxyServerPort=0, executionList=&quot;&quot;, isApplyToDesiredCapabilities=true }"/>
         <property name="platform" value="Windows 10"/>
      </properties>
      <testcase name="Test Cases/6. Help/1. Verif_Link - click Help button" time="24.799" classname="Test Cases/6. Help/1. Verif_Link - click Help button" status="PASSED">
         <system-out><![CDATA[2022-08-12 14:44:56 - [TEST_CASE][PASSED] - Test Cases/6. Help/1. Verif_Link - click Help button: Test Cases/6. Help/1. Verif_Link - click Help button

2022-08-12 14:44:58 - [TEST_STEP][PASSED] - openBrowser(""): Browser is opened with url: ''

2022-08-12 14:44:59 - [MESSAGE][INFO] - Starting 'Chrome' driver

2022-08-12 14:44:59 - [MESSAGE][INFO] - Action delay is set to 0 milliseconds

2022-08-12 14:45:07 - [MESSAGE][PASSED] - Browser is opened with url: ''

2022-08-12 14:45:07 - [TEST_STEP][PASSED] - maximizeWindow(): Current window maximized

2022-08-12 14:45:07 - [MESSAGE][PASSED] - Current window maximized

2022-08-12 14:45:07 - [TEST_STEP][PASSED] - navigateToUrl("https://stockbit.com/"): Navigate to 'https://stockbit.com/' successfully

2022-08-12 14:45:14 - [MESSAGE][PASSED] - Navigate to 'https://stockbit.com/' successfully

2022-08-12 14:45:14 - [TEST_STEP][PASSED] - click(findTestObject("Object Repository/Help/Page_Stockbit - Investasi Saham Bersama Kom_14e38f/a_Help")): Object: 'Object Repository/Help/Page_Stockbit - Investasi Saham Bersama Kom_14e38f/a_Help' is clicked on

2022-08-12 14:45:15 - [MESSAGE][PASSED] - Object: 'Object Repository/Help/Page_Stockbit - Investasi Saham Bersama Kom_14e38f/a_Help' is clicked on

2022-08-12 14:45:15 - [TEST_STEP][PASSED] - switchToWindowIndex(1): Switched to window with index: '1'

2022-08-12 14:45:15 - [MESSAGE][PASSED] - Switched to window with index: '1'

2022-08-12 14:45:15 - [TEST_STEP][PASSED] - delay(3): Delayed 3 second(s)

2022-08-12 14:45:19 - [MESSAGE][PASSED] - Delayed 3 second(s)

2022-08-12 14:45:19 - [TEST_STEP][PASSED] - Link = "https://help.stockbit.com/id/": null

2022-08-12 14:45:19 - [TEST_STEP][PASSED] - CurrentUrL = getUrl(): Current window's url is: 'https://help.stockbit.com/id/'

2022-08-12 14:45:19 - [MESSAGE][PASSED] - Current window's url is: 'https://help.stockbit.com/id/'

2022-08-12 14:45:19 - [TEST_STEP][PASSED] - verifyMatch(CurrentUrL, Link, false): Actual text 'https://help.stockbit.com/id/' and expected text 'https://help.stockbit.com/id/' are matched 

2022-08-12 14:45:19 - [MESSAGE][PASSED] - Actual text 'https://help.stockbit.com/id/' and expected text 'https://help.stockbit.com/id/' are matched 

2022-08-12 14:45:21 - [TEST_STEP][PASSED] - Video: Video recording for test case 'Test Cases/6. Help/1. Verif_Link - click Help button' .

2022-08-12 14:45:21 - [MESSAGE][INFO] - Video recording for test case 'Test Cases/6. Help/1. Verif_Link - click Help button' .]]></system-out>
         <system-err><![CDATA[]]></system-err>
      </testcase>
      <testcase name="Test Cases/6. Help/2. Verif_chat box - clicks Helpdesk Icon" time="3.747" classname="Test Cases/6. Help/2. Verif_chat box - clicks Helpdesk Icon" status="PASSED">
         <system-out><![CDATA[2022-08-12 14:45:21 - [TEST_CASE][PASSED] - Test Cases/6. Help/2. Verif_chat box - clicks Helpdesk Icon: Test Cases/6. Help/2. Verif_chat box - clicks Helpdesk Icon

2022-08-12 14:45:22 - [TEST_STEP][PASSED] - click(findTestObject("Object Repository/Help/Page_Stockbit/span_Crisp Knowledge")): Object: 'Object Repository/Help/Page_Stockbit/span_Crisp Knowledge' is clicked on

2022-08-12 14:45:23 - [MESSAGE][PASSED] - Object: 'Object Repository/Help/Page_Stockbit/span_Crisp Knowledge' is clicked on

2022-08-12 14:45:25 - [TEST_STEP][PASSED] - Video: Video recording for test case 'Test Cases/6. Help/2. Verif_chat box - clicks Helpdesk Icon' .

2022-08-12 14:45:25 - [MESSAGE][INFO] - Video recording for test case 'Test Cases/6. Help/2. Verif_chat box - clicks Helpdesk Icon' .]]></system-out>
         <system-err><![CDATA[]]></system-err>
      </testcase>
      <system-out><![CDATA[2022-08-12 14:44:56 - [TEST_SUITE][PASSED] - 6. Help: Test Cases/6. Help/2. Verif_chat box - clicks Helpdesk Icon]]></system-out>
      <system-err><![CDATA[]]></system-err>
   </testsuite>
</testsuites>
